-- Found ament_cmake: 1.3.11 (/opt/ros/humble/share/ament_cmake/cmake)
-- Found rclpy: 3.3.15 (/opt/ros/humble/share/rclpy/cmake)
-- Found rclcpp: 16.0.11 (/opt/ros/humble/share/rclcpp/cmake)
-- Found rosidl_generator_c: 3.1.6 (/opt/ros/humble/share/rosidl_generator_c/cmake)
-- Found rosidl_adapter: 3.1.6 (/opt/ros/humble/share/rosidl_adapter/cmake)
-- Found rosidl_generator_cpp: 3.1.6 (/opt/ros/humble/share/rosidl_generator_cpp/cmake)
-- Using all available rosidl_typesupport_c: rosidl_typesupport_fastrtps_c;rosidl_typesupport_introspection_c
-- Using all available rosidl_typesupport_cpp: rosidl_typesupport_fastrtps_cpp;rosidl_typesupport_introspection_cpp
-- Found rmw_implementation_cmake: 6.1.2 (/opt/ros/humble/share/rmw_implementation_cmake/cmake)
-- Found rmw_fastrtps_cpp: 6.2.7 (/opt/ros/humble/share/rmw_fastrtps_cpp/cmake)
-- Using RMW implementation 'rmw_fastrtps_cpp' as default
-- Found geometry_msgs: 4.2.4 (/opt/ros/humble/share/geometry_msgs/cmake)
-- Found ament_lint_auto: 0.12.11 (/opt/ros/humble/share/ament_lint_auto/cmake)
-- Added test 'cppcheck' to perform static code analysis on C / C++ code
-- Configured cppcheck include dirs: /home/nani/bumperbot_ws/src/bumperbot_controller/include
-- Configured cppcheck exclude dirs and/or files: 
-- Added test 'flake8' to check Python code syntax and style conventions
-- Added test 'lint_cmake' to check CMake code style
-- Added test 'pep257' to check Python code against some of the docstring style conventions in PEP 257
-- Added test 'uncrustify' to check C / C++ code style
-- Configured uncrustify additional arguments: 
-- Added test 'xmllint' to check XML markup files
-- Configuring done
-- Generating done
-- Build files have been written to: /home/nani/bumperbot_ws/build/bumperbot_controller
[ 50%] [32mBuilding CXX object CMakeFiles/simple_controller.dir/src/simple_controller.cpp.o[0m
[ 50%] Built target ament_cmake_python_copy_bumperbot_controller
running egg_info
writing bumperbot_controller.egg-info/PKG-INFO
writing dependency_links to bumperbot_controller.egg-info/dependency_links.txt
writing top-level names to bumperbot_controller.egg-info/top_level.txt
reading manifest file 'bumperbot_controller.egg-info/SOURCES.txt'
writing manifest file 'bumperbot_controller.egg-info/SOURCES.txt'
[ 50%] Built target ament_cmake_python_build_bumperbot_controller_egg
[01m[K/home/nani/bumperbot_ws/src/bumperbot_controller/src/simple_controller.cpp:6:1:[m[K [01;31m[Kerror: [m[KISO C++ forbids declaration of â€˜[01m[KSimpleContoller[m[Kâ€™ with no type [[01;31m[K]8;;https://gcc.gnu.org/onlinedocs/gcc/Warning-Options.html#index-fpermissive-fpermissive]8;;[m[K]
    6 | [01;31m[KSimpleController[m[K::SimpleContoller(const std::string & name)
      | [01;31m[K^~~~~~~~~~~~~~~~[m[K
[01m[K/home/nani/bumperbot_ws/src/bumperbot_controller/src/simple_controller.cpp:6:1:[m[K [01;31m[Kerror: [m[Kno declaration matches â€˜[01m[Kint SimpleController::SimpleContoller(const string&)[m[Kâ€™
[01m[K/home/nani/bumperbot_ws/src/bumperbot_controller/src/simple_controller.cpp:6:1:[m[K [01;36m[Knote: [m[Kno functions named â€˜[01m[Kint SimpleController::SimpleContoller(const string&)[m[Kâ€™
In file included from [01m[K/home/nani/bumperbot_ws/src/bumperbot_controller/src/simple_controller.cpp:1[m[K:
[01m[K/home/nani/bumperbot_ws/src/bumperbot_controller/include/bumperbot_controller/simple_controller.hpp:12:7:[m[K [01;36m[Knote: [m[Kâ€˜[01m[Kclass SimpleController[m[Kâ€™ defined here
   12 | class [01;36m[KSimpleController[m[K : public rclcpp:: Node
      |       [01;36m[K^~~~~~~~~~~~~~~~[m[K
[01m[K/home/nani/bumperbot_ws/src/bumperbot_controller/src/simple_controller.cpp:33:6:[m[K [01;31m[Kerror: [m[Kâ€˜[01m[KSimpleControler[m[Kâ€™ has not been declared
   33 | void [01;31m[KSimpleControler[m[K::velCallback(const geometry_msgs::msg::TwistStamped &msg)
      |      [01;31m[K^~~~~~~~~~~~~~~[m[K
[01m[K/home/nani/bumperbot_ws/src/bumperbot_controller/src/simple_controller.cpp:[m[K In function â€˜[01m[Kvoid velCallback(const TwistStamped&)[m[Kâ€™:
[01m[K/home/nani/bumperbot_ws/src/bumperbot_controller/src/simple_controller.cpp:37:35:[m[K [01;31m[Kerror: [m[Kâ€˜[01m[Kspeed_conversion_[m[Kâ€™ was not declared in this scope
   37 |     Eigen::Vector2d wheel_speed = [01;31m[Kspeed_conversion_[m[K.inverse() * robot_speed;
      |                                   [01;31m[K^~~~~~~~~~~~~~~~~[m[K
[01m[K/home/nani/bumperbot_ws/src/bumperbot_controller/src/simple_controller.cpp:39:48:[m[K [01;31m[Kerror: [m[Kâ€˜[01m[KEigen::Vector2d[m[Kâ€™ {aka â€˜[01m[Kclass Eigen::Matrix<double, 2, 1>[m[Kâ€™} has no member named â€˜[01m[Kcoffe[m[Kâ€™
   39 |     wheel_speed_msg.data.push_back(wheel_speed.[01;31m[Kcoffe[m[K(1));
      |                                                [01;31m[K^~~~~[m[K
[01m[K/home/nani/bumperbot_ws/src/bumperbot_controller/src/simple_controller.cpp:40:48:[m[K [01;31m[Kerror: [m[Kâ€˜[01m[KEigen::Vector2d[m[Kâ€™ {aka â€˜[01m[Kclass Eigen::Matrix<double, 2, 1>[m[Kâ€™} has no member named â€˜[01m[Kcoffe[m[Kâ€™
   40 |     wheel_speed_msg.data.push_back(wheel_speed.[01;31m[Kcoffe[m[K(0));
      |                                                [01;31m[K^~~~~[m[K
[01m[K/home/nani/bumperbot_ws/src/bumperbot_controller/src/simple_controller.cpp:42:5:[m[K [01;31m[Kerror: [m[Kâ€˜[01m[Kwheel_cmd_pub_[m[Kâ€™ was not declared in this scope
   42 |     [01;31m[Kwheel_cmd_pub_[m[K ->publish(wheel_speed_msg);
      |     [01;31m[K^~~~~~~~~~~~~~[m[K
[01m[K/home/nani/bumperbot_ws/src/bumperbot_controller/src/simple_controller.cpp:[m[K In function â€˜[01m[Kint main(int, char**)[m[Kâ€™:
[01m[K/home/nani/bumperbot_ws/src/bumperbot_controller/src/simple_controller.cpp:51:34:[m[K [01;31m[Kerror: [m[Kâ€˜[01m[KSimpleContoller[m[Kâ€™ was not declared in this scope; did you mean â€˜[01m[KSimpleController[m[Kâ€™?
   51 |     auto node = std::make_shared<[01;31m[KSimpleContoller[m[K>("simple_controller");
      |                                  [01;31m[K^~~~~~~~~~~~~~~[m[K
      |                                  [32m[KSimpleController[m[K
[01m[K/home/nani/bumperbot_ws/src/bumperbot_controller/src/simple_controller.cpp:51:50:[m[K [01;31m[Kerror: [m[Kno matching function for call to â€˜[01m[Kmake_shared<<expression error> >(const char [18])[m[Kâ€™
   51 |     auto node = [01;31m[Kstd::make_shared<SimpleContoller>("simple_controller")[m[K;
      |                 [01;31m[K~~~~~~~~~~~~~~~~~~~~~~~~~~~~~~~~~^~~~~~~~~~~~~~~~~~~~~[m[K
In file included from [01m[K/usr/include/c++/11/memory:77[m[K,
                 from [01m[K/opt/ros/humble/include/rclcpp/rclcpp/rclcpp.hpp:153[m[K,
                 from [01m[K/home/nani/bumperbot_ws/src/bumperbot_controller/include/bumperbot_controller/simple_controller.hpp:5[m[K,
                 from [01m[K/home/nani/bumperbot_ws/src/bumperbot_controller/src/simple_controller.cpp:1[m[K:
[01m[K/usr/include/c++/11/bits/shared_ptr.h:875:5:[m[K [01;36m[Knote: [m[Kcandidate: â€˜[01m[Ktemplate<class _Tp, class ... _Args> std::shared_ptr<_Tp> std::make_shared(_Args&& ...)[m[Kâ€™
  875 |     [01;36m[Kmake_shared[m[K(_Args&&... __args)
      |     [01;36m[K^~~~~~~~~~~[m[K
[01m[K/usr/include/c++/11/bits/shared_ptr.h:875:5:[m[K [01;36m[Knote: [m[K  template argument deduction/substitution failed:
[01m[K/home/nani/bumperbot_ws/src/bumperbot_controller/src/simple_controller.cpp:51:50:[m[K [01;31m[Kerror: [m[Ktemplate argument 1 is invalid
   51 |     auto node = [01;31m[Kstd::make_shared<SimpleContoller>("simple_controller")[m[K;
      |                 [01;31m[K~~~~~~~~~~~~~~~~~~~~~~~~~~~~~~~~~^~~~~~~~~~~~~~~~~~~~~[m[K
gmake[2]: *** [CMakeFiles/simple_controller.dir/build.make:76: CMakeFiles/simple_controller.dir/src/simple_controller.cpp.o] Error 1
gmake[1]: *** [CMakeFiles/Makefile2:192: CMakeFiles/simple_controller.dir/all] Error 2
gmake: *** [Makefile:146: all] Error 2
